# JRE version: Java(TM) SE Runtime Environment (8.0_131-b11) (build 1.8.0_131-b11)
# Java VM: Java HotSpot(TM) 64-Bit Server VM (25.131-b11 mixed mode windows-amd64 compressed oops)
Heap:
 PSYoungGen      total 263680K, used 216684K [0x00000000d5580000, 0x00000000e7180000, 0x0000000100000000)
  eden space 246784K, 82% used [0x00000000d5580000,0x00000000e1c49f48,0x00000000e4680000)
  from space 16896K, 77% used [0x00000000e6100000,0x00000000e6dd10f0,0x00000000e7180000)
  to   space 22016K, 0% used [0x00000000e4680000,0x00000000e4680000,0x00000000e5c00000)
 ParOldGen       total 122880K, used 58023K [0x0000000080000000, 0x0000000087800000, 0x00000000d5580000)
  object space 122880K, 47% used [0x0000000080000000,0x00000000838a9dd0,0x0000000087800000)
 Metaspace       used 76250K, capacity 80344K, committed 80512K, reserved 1118208K
  class space    used 10625K, capacity 11327K, committed 11392K, reserved 1048576K
GC Heap History (10 events):
Event: 9.520 GC heap before
{Heap before GC invocations=13 (full 2):
 PSYoungGen      total 160256K, used 159907K [0x00000000d5580000, 0x00000000e0d80000, 0x0000000100000000)
  eden space 152064K, 100% used [0x00000000d5580000,0x00000000dea00000,0x00000000dea00000)
  from space 8192K, 95% used [0x00000000e0580000,0x00000000e0d28c50,0x00000000e0d80000)
  to   space 11264K, 0% used [0x00000000df780000,0x00000000df780000,0x00000000e0280000)
 ParOldGen       total 77824K, used 14491K [0x0000000080000000, 0x0000000084c00000, 0x00000000d5580000)
  object space 77824K, 18% used [0x0000000080000000,0x0000000080e26f88,0x0000000084c00000)
 Metaspace       used 51614K, capacity 53616K, committed 53888K, reserved 1095680K
  class space    used 7043K, capacity 7464K, committed 7552K, reserved 1048576K
Event: 9.559 GC heap after
Heap after GC invocations=13 (full 2):
 PSYoungGen      total 177152K, used 11260K [0x00000000d5580000, 0x00000000e3c80000, 0x0000000100000000)
  eden space 165888K, 0% used [0x00000000d5580000,0x00000000d5580000,0x00000000df780000)
  from space 11264K, 99% used [0x00000000df780000,0x00000000e027f318,0x00000000e0280000)
  to   space 17408K, 0% used [0x00000000e2b80000,0x00000000e2b80000,0x00000000e3c80000)
 ParOldGen       total 77824K, used 27485K [0x0000000080000000, 0x0000000084c00000, 0x00000000d5580000)
  object space 77824K, 35% used [0x0000000080000000,0x0000000081ad7740,0x0000000084c00000)
 Metaspace       used 51614K, capacity 53616K, committed 53888K, reserved 1095680K
  class space    used 7043K, capacity 7464K, committed 7552K, reserved 1048576K
}
Event: 11.007 GC heap before
{Heap before GC invocations=14 (full 2):
 PSYoungGen      total 177152K, used 66584K [0x00000000d5580000, 0x00000000e3c80000, 0x0000000100000000)
  eden space 165888K, 33% used [0x00000000d5580000,0x00000000d8b86db8,0x00000000df780000)
  from space 11264K, 99% used [0x00000000df780000,0x00000000e027f318,0x00000000e0280000)
  to   space 17408K, 0% used [0x00000000e2b80000,0x00000000e2b80000,0x00000000e3c80000)
 ParOldGen       total 77824K, used 27485K [0x0000000080000000, 0x0000000084c00000, 0x00000000d5580000)
  object space 77824K, 35% used [0x0000000080000000,0x0000000081ad7740,0x0000000084c00000)
 Metaspace       used 56673K, capacity 59030K, committed 59136K, reserved 1099776K
  class space    used 7903K, capacity 8382K, committed 8448K, reserved 1048576K
Event: 11.052 GC heap after
Heap after GC invocations=14 (full 2):
 PSYoungGen      total 219648K, used 6645K [0x00000000d5580000, 0x00000000e4f00000, 0x0000000100000000)
  eden space 202240K, 0% used [0x00000000d5580000,0x00000000d5580000,0x00000000e1b00000)
  from space 17408K, 38% used [0x00000000e2b80000,0x00000000e31fd600,0x00000000e3c80000)
  to   space 16896K, 0% used [0x00000000e1b00000,0x00000000e1b00000,0x00000000e2b80000)
 ParOldGen       total 77824K, used 36948K [0x0000000080000000, 0x0000000084c00000, 0x00000000d5580000)
  object space 77824K, 47% used [0x0000000080000000,0x00000000824152f0,0x0000000084c00000)
 Metaspace       used 56673K, capacity 59030K, committed 59136K, reserved 1099776K
  class space    used 7903K, capacity 8382K, committed 8448K, reserved 1048576K
}
Event: 11.052 GC heap before
{Heap before GC invocations=15 (full 3):
 PSYoungGen      total 219648K, used 6645K [0x00000000d5580000, 0x00000000e4f00000, 0x0000000100000000)
  eden space 202240K, 0% used [0x00000000d5580000,0x00000000d5580000,0x00000000e1b00000)
  from space 17408K, 38% used [0x00000000e2b80000,0x00000000e31fd600,0x00000000e3c80000)
  to   space 16896K, 0% used [0x00000000e1b00000,0x00000000e1b00000,0x00000000e2b80000)
 ParOldGen       total 77824K, used 36948K [0x0000000080000000, 0x0000000084c00000, 0x00000000d5580000)
  object space 77824K, 47% used [0x0000000080000000,0x00000000824152f0,0x0000000084c00000)
 Metaspace       used 56673K, capacity 59030K, committed 59136K, reserved 1099776K
  class space    used 7903K, capacity 8382K, committed 8448K, reserved 1048576K
Event: 11.315 GC heap after
Heap after GC invocations=15 (full 3):
 PSYoungGen      total 219648K, used 0K [0x00000000d5580000, 0x00000000e4f00000, 0x0000000100000000)
  eden space 202240K, 0% used [0x00000000d5580000,0x00000000d5580000,0x00000000e1b00000)
  from space 17408K, 0% used [0x00000000e2b80000,0x00000000e2b80000,0x00000000e3c80000)
  to   space 16896K, 0% used [0x00000000e1b00000,0x00000000e1b00000,0x00000000e2b80000)
 ParOldGen       total 122880K, used 33350K [0x0000000080000000, 0x0000000087800000, 0x00000000d5580000)
  object space 122880K, 27% used [0x0000000080000000,0x0000000082091990,0x0000000087800000)
 Metaspace       used 56673K, capacity 59030K, committed 59136K, reserved 1099776K
  class space    used 7903K, capacity 8382K, committed 8448K, reserved 1048576K
}
Event: 16.317 GC heap before
{Heap before GC invocations=16 (full 3):
 PSYoungGen      total 219648K, used 202240K [0x00000000d5580000, 0x00000000e4f00000, 0x0000000100000000)
  eden space 202240K, 100% used [0x00000000d5580000,0x00000000e1b00000,0x00000000e1b00000)
  from space 17408K, 0% used [0x00000000e2b80000,0x00000000e2b80000,0x00000000e3c80000)
  to   space 16896K, 0% used [0x00000000e1b00000,0x00000000e1b00000,0x00000000e2b80000)
 ParOldGen       total 122880K, used 33350K [0x0000000080000000, 0x0000000087800000, 0x00000000d5580000)
  object space 122880K, 27% used [0x0000000080000000,0x0000000082091990,0x0000000087800000)
 Metaspace       used 65199K, capacity 68220K, committed 68480K, reserved 1107968K
  class space    used 9147K, capacity 9747K, committed 9856K, reserved 1048576K
Event: 16.355 GC heap after
Heap after GC invocations=16 (full 3):
 PSYoungGen      total 219136K, used 16894K [0x00000000d5580000, 0x00000000e7680000, 0x0000000100000000)
  eden space 202240K, 0% used [0x00000000d5580000,0x00000000d5580000,0x00000000e1b00000)
  from space 16896K, 99% used [0x00000000e1b00000,0x00000000e2b7fa00,0x00000000e2b80000)
  to   space 22016K, 0% used [0x00000000e6100000,0x00000000e6100000,0x00000000e7680000)
 ParOldGen       total 122880K, used 41475K [0x0000000080000000, 0x0000000087800000, 0x00000000d5580000)
  object space 122880K, 33% used [0x0000000080000000,0x0000000082880df8,0x0000000087800000)
 Metaspace       used 65199K, capacity 68220K, committed 68480K, reserved 1107968K
  class space    used 9147K, capacity 9747K, committed 9856K, reserved 1048576K
}
Event: 21.731 GC heap before
{Heap before GC invocations=17 (full 3):
 PSYoungGen      total 219136K, used 219134K [0x00000000d5580000, 0x00000000e7680000, 0x0000000100000000)
  eden space 202240K, 100% used [0x00000000d5580000,0x00000000e1b00000,0x00000000e1b00000)
  from space 16896K, 99% used [0x00000000e1b00000,0x00000000e2b7fa00,0x00000000e2b80000)
  to   space 22016K, 0% used [0x00000000e6100000,0x00000000e6100000,0x00000000e7680000)
 ParOldGen       total 122880K, used 41475K [0x0000000080000000, 0x0000000087800000, 0x00000000d5580000)
  object space 122880K, 33% used [0x0000000080000000,0x0000000082880df8,0x0000000087800000)
 Metaspace       used 71452K, capacity 75028K, committed 75136K, reserved 1114112K
  class space    used 9933K, capacity 10609K, committed 10624K, reserved 1048576K
Event: 21.772 GC heap after
Heap after GC invocations=17 (full 3):
 PSYoungGen      total 263680K, used 13124K [0x00000000d5580000, 0x00000000e7180000, 0x0000000100000000)
  eden space 246784K, 0% used [0x00000000d5580000,0x00000000d5580000,0x00000000e4680000)
  from space 16896K, 77% used [0x00000000e6100000,0x00000000e6dd10f0,0x00000000e7180000)
  to   space 22016K, 0% used [0x00000000e4680000,0x00000000e4680000,0x00000000e5c00000)
 ParOldGen       total 122880K, used 58023K [0x0000000080000000, 0x0000000087800000, 0x00000000d5580000)
  object space 122880K, 47% used [0x0000000080000000,0x00000000838a9dd0,0x0000000087800000)
 Metaspace       used 71452K, capacity 75028K, committed 75136K, reserved 1114112K
  class space    used 9933K, capacity 10609K, committed 10624K, reserved 1048576K
}

