# JRE version: Java(TM) SE Runtime Environment (8.0_131-b11) (build 1.8.0_131-b11)
# Java VM: Java HotSpot(TM) 64-Bit Server VM (25.131-b11 mixed mode windows-amd64 compressed oops)
Heap:
 PSYoungGen      total 283136K, used 93395K [0x00000000d5580000, 0x00000000e9900000, 0x0000000100000000)
  eden space 249344K, 23% used [0x00000000d5580000,0x00000000d8fbb430,0x00000000e4900000)
  from space 33792K, 99% used [0x00000000e7800000,0x00000000e98f9b88,0x00000000e9900000)
  to   space 39424K, 0% used [0x00000000e4c00000,0x00000000e4c00000,0x00000000e7280000)
 ParOldGen       total 129536K, used 80157K [0x0000000080000000, 0x0000000087e80000, 0x00000000d5580000)
  object space 129536K, 61% used [0x0000000080000000,0x0000000084e476f8,0x0000000087e80000)
 Metaspace       used 119088K, capacity 124344K, committed 124544K, reserved 1157120K
  class space    used 15930K, capacity 16941K, committed 17024K, reserved 1048576K
GC Heap History (10 events):
Event: 4054.951 GC heap before
{Heap before GC invocations=20 (full 4):
 PSYoungGen      total 247808K, used 225128K [0x00000000d5580000, 0x00000000e6180000, 0x0000000100000000)
  eden space 225280K, 99% used [0x00000000d5580000,0x00000000e315a078,0x00000000e3180000)
  from space 22528K, 0% used [0x00000000e3180000,0x00000000e3180000,0x00000000e4780000)
  to   space 24576K, 0% used [0x00000000e4980000,0x00000000e4980000,0x00000000e6180000)
 ParOldGen       total 129536K, used 38564K [0x0000000080000000, 0x0000000087e80000, 0x00000000d5580000)
  object space 129536K, 29% used [0x0000000080000000,0x00000000825a9388,0x0000000087e80000)
 Metaspace       used 91934K, capacity 95804K, committed 96384K, reserved 1132544K
  class space    used 12305K, capacity 13001K, committed 13184K, reserved 1048576K
Event: 4055.058 GC heap after
Heap after GC invocations=20 (full 4):
 PSYoungGen      total 246784K, used 23309K [0x00000000d5580000, 0x00000000e8980000, 0x0000000100000000)
  eden space 222208K, 0% used [0x00000000d5580000,0x00000000d5580000,0x00000000e2e80000)
  from space 24576K, 94% used [0x00000000e4980000,0x00000000e6043590,0x00000000e6180000)
  to   space 27648K, 0% used [0x00000000e2e80000,0x00000000e2e80000,0x00000000e4980000)
 ParOldGen       total 129536K, used 38572K [0x0000000080000000, 0x0000000087e80000, 0x00000000d5580000)
  object space 129536K, 29% used [0x0000000080000000,0x00000000825ab388,0x0000000087e80000)
 Metaspace       used 91934K, capacity 95804K, committed 96384K, reserved 1132544K
  class space    used 12305K, capacity 13001K, committed 13184K, reserved 1048576K
}
Event: 4058.773 GC heap before
{Heap before GC invocations=21 (full 4):
 PSYoungGen      total 246784K, used 245517K [0x00000000d5580000, 0x00000000e8980000, 0x0000000100000000)
  eden space 222208K, 100% used [0x00000000d5580000,0x00000000e2e80000,0x00000000e2e80000)
  from space 24576K, 94% used [0x00000000e4980000,0x00000000e6043590,0x00000000e6180000)
  to   space 27648K, 0% used [0x00000000e2e80000,0x00000000e2e80000,0x00000000e4980000)
 ParOldGen       total 129536K, used 38572K [0x0000000080000000, 0x0000000087e80000, 0x00000000d5580000)
  object space 129536K, 29% used [0x0000000080000000,0x00000000825ab388,0x0000000087e80000)
 Metaspace       used 104629K, capacity 109118K, committed 109312K, reserved 1142784K
  class space    used 14241K, capacity 15065K, committed 15104K, reserved 1048576K
Event: 4058.877 GC heap after
Heap after GC invocations=21 (full 4):
 PSYoungGen      total 249856K, used 27621K [0x00000000d5580000, 0x00000000e9900000, 0x0000000100000000)
  eden space 222208K, 0% used [0x00000000d5580000,0x00000000d5580000,0x00000000e2e80000)
  from space 27648K, 99% used [0x00000000e2e80000,0x00000000e49797c8,0x00000000e4980000)
  to   space 33792K, 0% used [0x00000000e7800000,0x00000000e7800000,0x00000000e9900000)
 ParOldGen       total 129536K, used 44385K [0x0000000080000000, 0x0000000087e80000, 0x00000000d5580000)
  object space 129536K, 34% used [0x0000000080000000,0x0000000082b58558,0x0000000087e80000)
 Metaspace       used 104629K, capacity 109118K, committed 109312K, reserved 1142784K
  class space    used 14241K, capacity 15065K, committed 15104K, reserved 1048576K
}
Event: 4062.723 GC heap before
{Heap before GC invocations=22 (full 4):
 PSYoungGen      total 249856K, used 249829K [0x00000000d5580000, 0x00000000e9900000, 0x0000000100000000)
  eden space 222208K, 100% used [0x00000000d5580000,0x00000000e2e80000,0x00000000e2e80000)
  from space 27648K, 99% used [0x00000000e2e80000,0x00000000e49797c8,0x00000000e4980000)
  to   space 33792K, 0% used [0x00000000e7800000,0x00000000e7800000,0x00000000e9900000)
 ParOldGen       total 129536K, used 44385K [0x0000000080000000, 0x0000000087e80000, 0x00000000d5580000)
  object space 129536K, 34% used [0x0000000080000000,0x0000000082b58558,0x0000000087e80000)
 Metaspace       used 108774K, capacity 113460K, committed 113792K, reserved 1146880K
  class space    used 14756K, capacity 15631K, committed 15744K, reserved 1048576K
Event: 4062.774 GC heap after
Heap after GC invocations=22 (full 4):
 PSYoungGen      total 283136K, used 33768K [0x00000000d5580000, 0x00000000e9900000, 0x0000000100000000)
  eden space 249344K, 0% used [0x00000000d5580000,0x00000000d5580000,0x00000000e4900000)
  from space 33792K, 99% used [0x00000000e7800000,0x00000000e98fa388,0x00000000e9900000)
  to   space 39424K, 0% used [0x00000000e4c00000,0x00000000e4c00000,0x00000000e7280000)
 ParOldGen       total 129536K, used 46304K [0x0000000080000000, 0x0000000087e80000, 0x00000000d5580000)
  object space 129536K, 35% used [0x0000000080000000,0x0000000082d38168,0x0000000087e80000)
 Metaspace       used 108774K, capacity 113460K, committed 113792K, reserved 1146880K
  class space    used 14756K, capacity 15631K, committed 15744K, reserved 1048576K
}
Event: 4063.943 GC heap before
{Heap before GC invocations=23 (full 4):
 PSYoungGen      total 283136K, used 283112K [0x00000000d5580000, 0x00000000e9900000, 0x0000000100000000)
  eden space 249344K, 100% used [0x00000000d5580000,0x00000000e4900000,0x00000000e4900000)
  from space 33792K, 99% used [0x00000000e7800000,0x00000000e98fa388,0x00000000e9900000)
  to   space 39424K, 0% used [0x00000000e4c00000,0x00000000e4c00000,0x00000000e7280000)
 ParOldGen       total 129536K, used 46304K [0x0000000080000000, 0x0000000087e80000, 0x00000000d5580000)
  object space 129536K, 35% used [0x0000000080000000,0x0000000082d38168,0x0000000087e80000)
 Metaspace       used 109080K, capacity 113750K, committed 114048K, reserved 1146880K
  class space    used 14778K, capacity 15664K, committed 15744K, reserved 1048576K
Event: 4064.014 GC heap after
Heap after GC invocations=23 (full 4):
 PSYoungGen      total 288768K, used 18541K [0x00000000d5580000, 0x00000000e9900000, 0x0000000100000000)
  eden space 249344K, 0% used [0x00000000d5580000,0x00000000d5580000,0x00000000e4900000)
  from space 39424K, 47% used [0x00000000e4c00000,0x00000000e5e1b478,0x00000000e7280000)
  to   space 33792K, 0% used [0x00000000e7800000,0x00000000e7800000,0x00000000e9900000)
 ParOldGen       total 129536K, used 70912K [0x0000000080000000, 0x0000000087e80000, 0x00000000d5580000)
  object space 129536K, 54% used [0x0000000080000000,0x0000000084540070,0x0000000087e80000)
 Metaspace       used 109080K, capacity 113750K, committed 114048K, reserved 1146880K
  class space    used 14778K, capacity 15664K, committed 15744K, reserved 1048576K
}
Event: 4076.104 GC heap before
{Heap before GC invocations=24 (full 4):
 PSYoungGen      total 288768K, used 267885K [0x00000000d5580000, 0x00000000e9900000, 0x0000000100000000)
  eden space 249344K, 100% used [0x00000000d5580000,0x00000000e4900000,0x00000000e4900000)
  from space 39424K, 47% used [0x00000000e4c00000,0x00000000e5e1b478,0x00000000e7280000)
  to   space 33792K, 0% used [0x00000000e7800000,0x00000000e7800000,0x00000000e9900000)
 ParOldGen       total 129536K, used 70912K [0x0000000080000000, 0x0000000087e80000, 0x00000000d5580000)
  object space 129536K, 54% used [0x0000000080000000,0x0000000084540070,0x0000000087e80000)
 Metaspace       used 118409K, capacity 123614K, committed 123648K, reserved 1157120K
  class space    used 15861K, capacity 16878K, committed 16896K, reserved 1048576K
Event: 4076.142 GC heap after
Heap after GC invocations=24 (full 4):
 PSYoungGen      total 283136K, used 33766K [0x00000000d5580000, 0x00000000e9900000, 0x0000000100000000)
  eden space 249344K, 0% used [0x00000000d5580000,0x00000000d5580000,0x00000000e4900000)
  from space 33792K, 99% used [0x00000000e7800000,0x00000000e98f9b88,0x00000000e9900000)
  to   space 39424K, 0% used [0x00000000e4c00000,0x00000000e4c00000,0x00000000e7280000)
 ParOldGen       total 129536K, used 80157K [0x0000000080000000, 0x0000000087e80000, 0x00000000d5580000)
  object space 129536K, 61% used [0x0000000080000000,0x0000000084e476f8,0x0000000087e80000)
 Metaspace       used 118409K, capacity 123614K, committed 123648K, reserved 1157120K
  class space    used 15861K, capacity 16878K, committed 16896K, reserved 1048576K
}

