# JRE version: Java(TM) SE Runtime Environment (8.0_131-b11) (build 1.8.0_131-b11)
# Java VM: Java HotSpot(TM) 64-Bit Server VM (25.131-b11 mixed mode windows-amd64 compressed oops)
Heap:
 PSYoungGen      total 287744K, used 73376K [0x00000000d5580000, 0x00000000eab80000, 0x0000000100000000)
  eden space 263168K, 18% used [0x00000000d5580000,0x00000000d85299f8,0x00000000e5680000)
  from space 24576K, 99% used [0x00000000e7b00000,0x00000000e92fe900,0x00000000e9300000)
  to   space 37376K, 0% used [0x00000000e5680000,0x00000000e5680000,0x00000000e7b00000)
 ParOldGen       total 135168K, used 56228K [0x0000000080000000, 0x0000000088400000, 0x00000000d5580000)
  object space 135168K, 41% used [0x0000000080000000,0x00000000836e9030,0x0000000088400000)
 Metaspace       used 75966K, capacity 79910K, committed 80128K, reserved 1118208K
  class space    used 10727K, capacity 11450K, committed 11520K, reserved 1048576K
GC Heap History (10 events):
Event: 8.153 GC heap before
{Heap before GC invocations=11 (full 2):
 PSYoungGen      total 186880K, used 186864K [0x00000000d5580000, 0x00000000e2180000, 0x0000000100000000)
  eden space 176640K, 100% used [0x00000000d5580000,0x00000000e0200000,0x00000000e0200000)
  from space 10240K, 99% used [0x00000000e1780000,0x00000000e217c190,0x00000000e2180000)
  to   space 13824K, 0% used [0x00000000e0680000,0x00000000e0680000,0x00000000e1400000)
 ParOldGen       total 97280K, used 17342K [0x0000000080000000, 0x0000000085f00000, 0x00000000d5580000)
  object space 97280K, 17% used [0x0000000080000000,0x00000000810efbe0,0x0000000085f00000)
 Metaspace       used 55831K, capacity 58042K, committed 58240K, reserved 1099776K
  class space    used 7767K, capacity 8212K, committed 8320K, reserved 1048576K
Event: 8.182 GC heap after
Heap after GC invocations=11 (full 2):
 PSYoungGen      total 195072K, used 13820K [0x00000000d5580000, 0x00000000e5180000, 0x0000000100000000)
  eden space 181248K, 0% used [0x00000000d5580000,0x00000000d5580000,0x00000000e0680000)
  from space 13824K, 99% used [0x00000000e0680000,0x00000000e13ff310,0x00000000e1400000)
  to   space 21504K, 0% used [0x00000000e3c80000,0x00000000e3c80000,0x00000000e5180000)
 ParOldGen       total 97280K, used 31242K [0x0000000080000000, 0x0000000085f00000, 0x00000000d5580000)
  object space 97280K, 32% used [0x0000000080000000,0x0000000081e828a0,0x0000000085f00000)
 Metaspace       used 55831K, capacity 58042K, committed 58240K, reserved 1099776K
  class space    used 7767K, capacity 8212K, committed 8320K, reserved 1048576K
}
Event: 8.328 GC heap before
{Heap before GC invocations=12 (full 2):
 PSYoungGen      total 195072K, used 29509K [0x00000000d5580000, 0x00000000e5180000, 0x0000000100000000)
  eden space 181248K, 8% used [0x00000000d5580000,0x00000000d64d22e0,0x00000000e0680000)
  from space 13824K, 99% used [0x00000000e0680000,0x00000000e13ff310,0x00000000e1400000)
  to   space 21504K, 0% used [0x00000000e3c80000,0x00000000e3c80000,0x00000000e5180000)
 ParOldGen       total 97280K, used 31242K [0x0000000080000000, 0x0000000085f00000, 0x00000000d5580000)
  object space 97280K, 32% used [0x0000000080000000,0x0000000081e828a0,0x0000000085f00000)
 Metaspace       used 56787K, capacity 59074K, committed 59136K, reserved 1099776K
  class space    used 7931K, capacity 8418K, committed 8448K, reserved 1048576K
Event: 8.352 GC heap after
Heap after GC invocations=12 (full 2):
 PSYoungGen      total 236032K, used 15084K [0x00000000d5580000, 0x00000000e7200000, 0x0000000100000000)
  eden space 214528K, 0% used [0x00000000d5580000,0x00000000d5580000,0x00000000e2700000)
  from space 21504K, 70% used [0x00000000e3c80000,0x00000000e4b3b300,0x00000000e5180000)
  to   space 22016K, 0% used [0x00000000e2700000,0x00000000e2700000,0x00000000e3c80000)
 ParOldGen       total 97280K, used 31242K [0x0000000080000000, 0x0000000085f00000, 0x00000000d5580000)
  object space 97280K, 32% used [0x0000000080000000,0x0000000081e828a0,0x0000000085f00000)
 Metaspace       used 56787K, capacity 59074K, committed 59136K, reserved 1099776K
  class space    used 7931K, capacity 8418K, committed 8448K, reserved 1048576K
}
Event: 8.352 GC heap before
{Heap before GC invocations=13 (full 3):
 PSYoungGen      total 236032K, used 15084K [0x00000000d5580000, 0x00000000e7200000, 0x0000000100000000)
  eden space 214528K, 0% used [0x00000000d5580000,0x00000000d5580000,0x00000000e2700000)
  from space 21504K, 70% used [0x00000000e3c80000,0x00000000e4b3b300,0x00000000e5180000)
  to   space 22016K, 0% used [0x00000000e2700000,0x00000000e2700000,0x00000000e3c80000)
 ParOldGen       total 97280K, used 31242K [0x0000000080000000, 0x0000000085f00000, 0x00000000d5580000)
  object space 97280K, 32% used [0x0000000080000000,0x0000000081e828a0,0x0000000085f00000)
 Metaspace       used 56787K, capacity 59074K, committed 59136K, reserved 1099776K
  class space    used 7931K, capacity 8418K, committed 8448K, reserved 1048576K
Event: 8.550 GC heap after
Heap after GC invocations=13 (full 3):
 PSYoungGen      total 236032K, used 0K [0x00000000d5580000, 0x00000000e7200000, 0x0000000100000000)
  eden space 214528K, 0% used [0x00000000d5580000,0x00000000d5580000,0x00000000e2700000)
  from space 21504K, 0% used [0x00000000e3c80000,0x00000000e3c80000,0x00000000e5180000)
  to   space 22016K, 0% used [0x00000000e2700000,0x00000000e2700000,0x00000000e3c80000)
 ParOldGen       total 135168K, used 30447K [0x0000000080000000, 0x0000000088400000, 0x00000000d5580000)
  object space 135168K, 22% used [0x0000000080000000,0x0000000081dbbf88,0x0000000088400000)
 Metaspace       used 56782K, capacity 59056K, committed 59136K, reserved 1099776K
  class space    used 7929K, capacity 8415K, committed 8448K, reserved 1048576K
}
Event: 10.839 GC heap before
{Heap before GC invocations=14 (full 3):
 PSYoungGen      total 236032K, used 214528K [0x00000000d5580000, 0x00000000e7200000, 0x0000000100000000)
  eden space 214528K, 100% used [0x00000000d5580000,0x00000000e2700000,0x00000000e2700000)
  from space 21504K, 0% used [0x00000000e3c80000,0x00000000e3c80000,0x00000000e5180000)
  to   space 22016K, 0% used [0x00000000e2700000,0x00000000e2700000,0x00000000e3c80000)
 ParOldGen       total 135168K, used 30447K [0x0000000080000000, 0x0000000088400000, 0x00000000d5580000)
  object space 135168K, 22% used [0x0000000080000000,0x0000000081dbbf88,0x0000000088400000)
 Metaspace       used 66714K, capacity 69744K, committed 69888K, reserved 1110016K
  class space    used 9372K, capacity 9951K, committed 9984K, reserved 1048576K
Event: 10.862 GC heap after
Heap after GC invocations=14 (full 3):
 PSYoungGen      total 236544K, used 20253K [0x00000000d5580000, 0x00000000e9300000, 0x0000000100000000)
  eden space 214528K, 0% used [0x00000000d5580000,0x00000000d5580000,0x00000000e2700000)
  from space 22016K, 91% used [0x00000000e2700000,0x00000000e3ac76f0,0x00000000e3c80000)
  to   space 24576K, 0% used [0x00000000e7b00000,0x00000000e7b00000,0x00000000e9300000)
 ParOldGen       total 135168K, used 30455K [0x0000000080000000, 0x0000000088400000, 0x00000000d5580000)
  object space 135168K, 22% used [0x0000000080000000,0x0000000081dbdf88,0x0000000088400000)
 Metaspace       used 66714K, capacity 69744K, committed 69888K, reserved 1110016K
  class space    used 9372K, capacity 9951K, committed 9984K, reserved 1048576K
}
Event: 12.443 GC heap before
{Heap before GC invocations=15 (full 3):
 PSYoungGen      total 236544K, used 234781K [0x00000000d5580000, 0x00000000e9300000, 0x0000000100000000)
  eden space 214528K, 100% used [0x00000000d5580000,0x00000000e2700000,0x00000000e2700000)
  from space 22016K, 91% used [0x00000000e2700000,0x00000000e3ac76f0,0x00000000e3c80000)
  to   space 24576K, 0% used [0x00000000e7b00000,0x00000000e7b00000,0x00000000e9300000)
 ParOldGen       total 135168K, used 30455K [0x0000000080000000, 0x0000000088400000, 0x00000000d5580000)
  object space 135168K, 22% used [0x0000000080000000,0x0000000081dbdf88,0x0000000088400000)
 Metaspace       used 75182K, capacity 79082K, committed 79360K, reserved 1118208K
  class space    used 10663K, capacity 11402K, committed 11520K, reserved 1048576K
Event: 12.502 GC heap after
Heap after GC invocations=15 (full 3):
 PSYoungGen      total 287744K, used 24570K [0x00000000d5580000, 0x00000000eab80000, 0x0000000100000000)
  eden space 263168K, 0% used [0x00000000d5580000,0x00000000d5580000,0x00000000e5680000)
  from space 24576K, 99% used [0x00000000e7b00000,0x00000000e92fe900,0x00000000e9300000)
  to   space 37376K, 0% used [0x00000000e5680000,0x00000000e5680000,0x00000000e7b00000)
 ParOldGen       total 135168K, used 56228K [0x0000000080000000, 0x0000000088400000, 0x00000000d5580000)
  object space 135168K, 41% used [0x0000000080000000,0x00000000836e9030,0x0000000088400000)
 Metaspace       used 75182K, capacity 79082K, committed 79360K, reserved 1118208K
  class space    used 10663K, capacity 11402K, committed 11520K, reserved 1048576K
}

