# JRE version: Java(TM) SE Runtime Environment (8.0_131-b11) (build 1.8.0_131-b11)
# Java VM: Java HotSpot(TM) 64-Bit Server VM (25.131-b11 mixed mode windows-amd64 compressed oops)
Heap:
 PSYoungGen      total 242688K, used 150841K [0x00000000d5580000, 0x00000000e8a00000, 0x0000000100000000)
  eden space 210432K, 66% used [0x00000000d5580000,0x00000000ddf21508,0x00000000e2300000)
  from space 32256K, 30% used [0x00000000e2300000,0x00000000e2cad190,0x00000000e4280000)
  to   space 30720K, 0% used [0x00000000e6c00000,0x00000000e6c00000,0x00000000e8a00000)
 ParOldGen       total 132096K, used 82771K [0x0000000080000000, 0x0000000088100000, 0x00000000d5580000)
  object space 132096K, 62% used [0x0000000080000000,0x00000000850d4ff8,0x0000000088100000)
 Metaspace       used 79435K, capacity 83554K, committed 83840K, reserved 1122304K
  class space    used 11112K, capacity 11854K, committed 11904K, reserved 1048576K
GC Heap History (10 events):
Event: 8.035 GC heap before
{Heap before GC invocations=14 (full 2):
 PSYoungGen      total 168960K, used 75891K [0x00000000d5580000, 0x00000000e2700000, 0x0000000100000000)
  eden space 157696K, 40% used [0x00000000d5580000,0x00000000d949fb38,0x00000000def80000)
  from space 11264K, 99% used [0x00000000def80000,0x00000000dfa7d320,0x00000000dfa80000)
  to   space 16896K, 0% used [0x00000000e1680000,0x00000000e1680000,0x00000000e2700000)
 ParOldGen       total 82432K, used 26150K [0x0000000080000000, 0x0000000085080000, 0x00000000d5580000)
  object space 82432K, 31% used [0x0000000080000000,0x00000000819899e0,0x0000000085080000)
 Metaspace       used 56683K, capacity 59030K, committed 59136K, reserved 1099776K
  class space    used 7912K, capacity 8392K, committed 8448K, reserved 1048576K
Event: 8.064 GC heap after
Heap after GC invocations=14 (full 2):
 PSYoungGen      total 198656K, used 7921K [0x00000000d5580000, 0x00000000e3b00000, 0x0000000100000000)
  eden space 181760K, 0% used [0x00000000d5580000,0x00000000d5580000,0x00000000e0700000)
  from space 16896K, 46% used [0x00000000e1680000,0x00000000e1e3c6f0,0x00000000e2700000)
  to   space 15872K, 0% used [0x00000000e0700000,0x00000000e0700000,0x00000000e1680000)
 ParOldGen       total 82432K, used 37295K [0x0000000080000000, 0x0000000085080000, 0x00000000d5580000)
  object space 82432K, 45% used [0x0000000080000000,0x000000008246bcf0,0x0000000085080000)
 Metaspace       used 56683K, capacity 59030K, committed 59136K, reserved 1099776K
  class space    used 7912K, capacity 8392K, committed 8448K, reserved 1048576K
}
Event: 8.064 GC heap before
{Heap before GC invocations=15 (full 3):
 PSYoungGen      total 198656K, used 7921K [0x00000000d5580000, 0x00000000e3b00000, 0x0000000100000000)
  eden space 181760K, 0% used [0x00000000d5580000,0x00000000d5580000,0x00000000e0700000)
  from space 16896K, 46% used [0x00000000e1680000,0x00000000e1e3c6f0,0x00000000e2700000)
  to   space 15872K, 0% used [0x00000000e0700000,0x00000000e0700000,0x00000000e1680000)
 ParOldGen       total 82432K, used 37295K [0x0000000080000000, 0x0000000085080000, 0x00000000d5580000)
  object space 82432K, 45% used [0x0000000080000000,0x000000008246bcf0,0x0000000085080000)
 Metaspace       used 56683K, capacity 59030K, committed 59136K, reserved 1099776K
  class space    used 7912K, capacity 8392K, committed 8448K, reserved 1048576K
Event: 8.278 GC heap after
Heap after GC invocations=15 (full 3):
 PSYoungGen      total 198656K, used 0K [0x00000000d5580000, 0x00000000e3b00000, 0x0000000100000000)
  eden space 181760K, 0% used [0x00000000d5580000,0x00000000d5580000,0x00000000e0700000)
  from space 16896K, 0% used [0x00000000e1680000,0x00000000e1680000,0x00000000e2700000)
  to   space 15872K, 0% used [0x00000000e0700000,0x00000000e0700000,0x00000000e1680000)
 ParOldGen       total 132096K, used 33844K [0x0000000080000000, 0x0000000088100000, 0x00000000d5580000)
  object space 132096K, 25% used [0x0000000080000000,0x000000008210d140,0x0000000088100000)
 Metaspace       used 56663K, capacity 58964K, committed 59136K, reserved 1099776K
  class space    used 7906K, capacity 8381K, committed 8448K, reserved 1048576K
}
Event: 10.475 GC heap before
{Heap before GC invocations=16 (full 3):
 PSYoungGen      total 198656K, used 181439K [0x00000000d5580000, 0x00000000e3b00000, 0x0000000100000000)
  eden space 181760K, 99% used [0x00000000d5580000,0x00000000e06afe98,0x00000000e0700000)
  from space 16896K, 0% used [0x00000000e1680000,0x00000000e1680000,0x00000000e2700000)
  to   space 15872K, 0% used [0x00000000e0700000,0x00000000e0700000,0x00000000e1680000)
 ParOldGen       total 132096K, used 33844K [0x0000000080000000, 0x0000000088100000, 0x00000000d5580000)
  object space 132096K, 25% used [0x0000000080000000,0x000000008210d140,0x0000000088100000)
 Metaspace       used 64955K, capacity 67874K, committed 68096K, reserved 1107968K
  class space    used 9125K, capacity 9694K, committed 9728K, reserved 1048576K
Event: 10.498 GC heap after
Heap after GC invocations=16 (full 3):
 PSYoungGen      total 197632K, used 15863K [0x00000000d5580000, 0x00000000e5800000, 0x0000000100000000)
  eden space 181760K, 0% used [0x00000000d5580000,0x00000000d5580000,0x00000000e0700000)
  from space 15872K, 99% used [0x00000000e0700000,0x00000000e167dcf0,0x00000000e1680000)
  to   space 22016K, 0% used [0x00000000e4280000,0x00000000e4280000,0x00000000e5800000)
 ParOldGen       total 132096K, used 44407K [0x0000000080000000, 0x0000000088100000, 0x00000000d5580000)
  object space 132096K, 33% used [0x0000000080000000,0x0000000082b5dd78,0x0000000088100000)
 Metaspace       used 64955K, capacity 67874K, committed 68096K, reserved 1107968K
  class space    used 9125K, capacity 9694K, committed 9728K, reserved 1048576K
}
Event: 12.581 GC heap before
{Heap before GC invocations=17 (full 3):
 PSYoungGen      total 197632K, used 197623K [0x00000000d5580000, 0x00000000e5800000, 0x0000000100000000)
  eden space 181760K, 100% used [0x00000000d5580000,0x00000000e0700000,0x00000000e0700000)
  from space 15872K, 99% used [0x00000000e0700000,0x00000000e167dcf0,0x00000000e1680000)
  to   space 22016K, 0% used [0x00000000e4280000,0x00000000e4280000,0x00000000e5800000)
 ParOldGen       total 132096K, used 44407K [0x0000000080000000, 0x0000000088100000, 0x00000000d5580000)
  object space 132096K, 33% used [0x0000000080000000,0x0000000082b5dd78,0x0000000088100000)
 Metaspace       used 72766K, capacity 76246K, committed 76416K, reserved 1114112K
  class space    used 10185K, capacity 10790K, committed 10880K, reserved 1048576K
Event: 12.627 GC heap after
Heap after GC invocations=17 (full 3):
 PSYoungGen      total 232448K, used 22015K [0x00000000d5580000, 0x00000000e6b80000, 0x0000000100000000)
  eden space 210432K, 0% used [0x00000000d5580000,0x00000000d5580000,0x00000000e2300000)
  from space 22016K, 99% used [0x00000000e4280000,0x00000000e57ffd28,0x00000000e5800000)
  to   space 32256K, 0% used [0x00000000e2300000,0x00000000e2300000,0x00000000e4280000)
 ParOldGen       total 132096K, used 63535K [0x0000000080000000, 0x0000000088100000, 0x00000000d5580000)
  object space 132096K, 48% used [0x0000000080000000,0x0000000083e0bdd8,0x0000000088100000)
 Metaspace       used 72766K, capacity 76246K, committed 76416K, reserved 1114112K
  class space    used 10185K, capacity 10790K, committed 10880K, reserved 1048576K
}
Event: 14.433 GC heap before
{Heap before GC invocations=18 (full 3):
 PSYoungGen      total 232448K, used 232447K [0x00000000d5580000, 0x00000000e6b80000, 0x0000000100000000)
  eden space 210432K, 100% used [0x00000000d5580000,0x00000000e2300000,0x00000000e2300000)
  from space 22016K, 99% used [0x00000000e4280000,0x00000000e57ffd28,0x00000000e5800000)
  to   space 32256K, 0% used [0x00000000e2300000,0x00000000e2300000,0x00000000e4280000)
 ParOldGen       total 132096K, used 63535K [0x0000000080000000, 0x0000000088100000, 0x00000000d5580000)
  object space 132096K, 48% used [0x0000000080000000,0x0000000083e0bdd8,0x0000000088100000)
 Metaspace       used 78829K, capacity 82924K, committed 83072K, reserved 1120256K
  class space    used 11049K, capacity 11803K, committed 11904K, reserved 1048576K
Event: 14.471 GC heap after
Heap after GC invocations=18 (full 3):
 PSYoungGen      total 242688K, used 9908K [0x00000000d5580000, 0x00000000e8a00000, 0x0000000100000000)
  eden space 210432K, 0% used [0x00000000d5580000,0x00000000d5580000,0x00000000e2300000)
  from space 32256K, 30% used [0x00000000e2300000,0x00000000e2cad190,0x00000000e4280000)
  to   space 30720K, 0% used [0x00000000e6c00000,0x00000000e6c00000,0x00000000e8a00000)
 ParOldGen       total 132096K, used 82771K [0x0000000080000000, 0x0000000088100000, 0x00000000d5580000)
  object space 132096K, 62% used [0x0000000080000000,0x00000000850d4ff8,0x0000000088100000)
 Metaspace       used 78829K, capacity 82924K, committed 83072K, reserved 1120256K
  class space    used 11049K, capacity 11803K, committed 11904K, reserved 1048576K
}

